<?xml version="1.0" encoding="UTF-8"?>
<!-- Generated by org.testng.reporters.JUnitXMLReporter -->
<testsuite hostname="NG-mini.local" ignored="0" name="Test" tests="6" failures="0" timestamp="21 Jan 2019 08:50:20 GMT" time="0.111" errors="0">
  <testcase name="deletetweeter" time="0.012" classname="mavenjava.Restapi"/>
  <testcase name="postJera" time="0.003" classname="mavenjava.Restapi"/>
  <testcase name="IOS" time="0.003" classname="mavenjava.Mobile"/>
  <testcase name="NativeAndroid" time="0.007" classname="mavenjava.Mobile"/>
  <testcase name="Seleniumautomation" time="0.003" classname="mavenjava.Qualick"/>
  <testcase name="elementui" time="0.002" classname="mavenjava.Qualick"/>
</testsuite> <!-- Test -->
