<?xml version="1.0" encoding="UTF-8"?>
<!-- Generated by org.testng.reporters.JUnitXMLReporter -->
<testsuite hostname="NG-mini.local" ignored="0" name="Test" tests="4" failures="0" timestamp="21 Jan 2019 10:33:10 GMT" time="0.041" errors="0">
  <testcase name="deletetweeter" time="0.01" classname="mavenjava.Restapi"/>
  <testcase name="postJera" time="0.0" classname="mavenjava.Restapi"/>
  <testcase name="IOS" time="0.001" classname="mavenjava.Mobile"/>
  <testcase name="NativeAndroid" time="0.001" classname="mavenjava.Mobile"/>
</testsuite> <!-- Test -->
